<?xml version="1.0" encoding="UTF-8"?>
<beans xmlns="http://www.springframework.org/schema/beans"
       xmlns:xsi="http://www.w3.org/2001/XMLSchema-instance"
       xmlns:context="http://www.springframework.org/schema/context"
	   xmlns:aop="http://www.springframework.org/schema/aop"
       xmlns:tx="http://www.springframework.org/schema/tx"

	xsi:schemaLocation="http://www.springframework.org/schema/beans
	 	http://www.springframework.org/schema/beans/spring-beans-3.0.xsd
    	http://www.springframework.org/schema/context
		http://www.springframework.org/schema/context/spring-context-3.0.xsd
		http://www.springframework.org/schema/aop 
    	http://www.springframework.org/schema/aop/spring-aop-3.0.xsd
		http://www.springframework.org/schema/tx
		http://www.springframework.org/schema/tx/spring-tx-3.0.xsd"
	xmlns:tool="http://www.springframework.org/schema/tool">

	<context:component-scan base-package="fr.zoumanatraore.restdemo.dao"/>
	<context:component-scan base-package="fr.zoumanatraore.restdemo.service"/>
	
	<!-- test DB -->
	  <bean id="dataSource" class="org.apache.commons.dbcp.BasicDataSource">
	    <property name="driverClassName" value="com.mysql.jdbc.Driver"/>
	    <property name="url" value="jdbc:mysql://localhost/mydb"/>
	    <property name="username" value="tzdev"/>
	    <property name="password" value="1Password"/>
	  </bean>
	
		<bean id="sessionFactory" class="org.springframework.orm.hibernate3.LocalSessionFactoryBean">
	    	<property name="configLocation">
				<value>classpath:hibernate.cfg.xml</value>
			</property>
		</bean>
		
		<bean id="hibernateTemplate" class="org.springframework.orm.hibernate3.HibernateTemplate">
				<property name="sessionFactory">
					<ref bean="sessionFactory" />
				</property>
			</bean>
	
		<bean id="transactionManager" class="org.springframework.orm.hibernate3.HibernateTransactionManager">
			<property name="sessionFactory">
				<ref bean="sessionFactory" />
			</property>
		</bean>
		
		<tx:annotation-driven transaction-manager="transactionManager" proxy-target-class="false"/>
		
</beans>
